0 info it worked if it ends with ok
1 verbose cli [ 'C:\\Program Files\\nodejs\\node.exe',
1 verbose cli   'C:\\Program Files\\nodejs\\node_modules\\npm\\bin\\npm-cli.js',
1 verbose cli   'run',
1 verbose cli   'babel-run',
1 verbose cli   'play.jsx' ]
2 info using npm@3.10.6
3 info using node@v6.3.0
4 verbose run-script [ 'prebabel-run', 'babel-run', 'postbabel-run' ]
5 info lifecycle playground@1.0.0~prebabel-run: playground@1.0.0
6 silly lifecycle playground@1.0.0~prebabel-run: no script for prebabel-run, continuing
7 info lifecycle playground@1.0.0~babel-run: playground@1.0.0
8 verbose lifecycle playground@1.0.0~babel-run: unsafe-perm in lifecycle true
9 verbose lifecycle playground@1.0.0~babel-run: PATH: C:\Users\rickm\AppData\Roaming\nvm\v6.3.0\node_modules\npm\bin\node-gyp-bin;c:\Users\rickm\Documents\Google Drive\Side-projects\Programming\NodeJS\playground-js\node_modules\.bin;C:\Users\rickm\bin;C:\Program Files\Git\mingw64\bin;C:\Program Files\Git\usr\local\bin;C:\Program Files\Git\usr\bin;C:\Program Files\Git\usr\bin;C:\Program Files\Git\mingw64\bin;C:\Program Files\Git\usr\bin;C:\Users\rickm\bin;C:\Python27;C:\Python27\Scripts;C:\WINDOWS\system32;C:\WINDOWS;C:\WINDOWS\System32\Wbem;C:\WINDOWS\System32\WindowsPowerShell\v1.0;C:\Program Files\Git\cmd;C:\Program Files (x86)\Skype\Phone;C:\Users\rickm\AppData\Roaming\nvm;C:\Program Files\nodejs;C:\Program Files\7-Zip;C:\Program Files (x86)\Heroku\bin;C:\Program Files (x86)\git\cmd;C:\Program Files (x86)\Git\cmd;C:\Program Files (x86)\Windows Kits\8.1\Windows Performance Toolkit;C:\Program Files\PostgreSQL\9.5\bin;C:\Program Files\MongoDB\Server\3.2\bin;C:\Python27;C:\Python27\Scripts;C:\WINDOWS\system32;C:\WINDOWS;C:\WINDOWS\System32\Wbem;C:\WINDOWS\System32\WindowsPowerShell\v1.0;C:\Program Files\Git\cmd;C:\Program Files (x86)\Skype\Phone;C:\Users\rickm\AppData\Roaming\nvm;C:\Program Files\nodejs;C:\Program Files\7-Zip;C:\Program Files (x86)\Heroku\bin;C:\Program Files (x86)\git\cmd;C:\Program Files (x86)\Git\cmd;C:\Program Files (x86)\Windows Kits\8.1\Windows Performance Toolkit;C:\Program Files\PostgreSQL\9.5\bin;C:\Program Files\MongoDB\Server\3.2\bin;C:\Users\rickm\AppData\Local\Programs\Python\Python35-32\Scripts;C:\Users\rickm\AppData\Local\Programs\Python\Python35-32;C:\Users\rickm\AppData\Local\atom\bin;C:\Program Files\Docker Toolbox;C:\Program Files (x86)\Microsoft VS Code\bin;C:\Users\rickm\AppData\Roaming\nvm\v6.3.0\node_modules\npm\bin;C:\Program Files\Git\usr\bin\vendor_perl;C:\Program Files\Git\usr\bin\core_perl
10 verbose lifecycle playground@1.0.0~babel-run: CWD: c:\Users\rickm\Documents\Google Drive\Side-projects\Programming\NodeJS\playground-js
11 silly lifecycle playground@1.0.0~babel-run: Args: [ '/d /s /c', 'babel-node "play.jsx"' ]
12 silly lifecycle playground@1.0.0~babel-run: Returned: code: 1  signal: null
13 info lifecycle playground@1.0.0~babel-run: Failed to exec babel-run script
14 verbose stack Error: playground@1.0.0 babel-run: `babel-node "play.jsx"`
14 verbose stack Exit status 1
14 verbose stack     at EventEmitter.<anonymous> (C:\Users\rickm\AppData\Roaming\nvm\v6.3.0\node_modules\npm\lib\utils\lifecycle.js:255:16)
14 verbose stack     at emitTwo (events.js:106:13)
14 verbose stack     at EventEmitter.emit (events.js:191:7)
14 verbose stack     at ChildProcess.<anonymous> (C:\Users\rickm\AppData\Roaming\nvm\v6.3.0\node_modules\npm\lib\utils\spawn.js:40:14)
14 verbose stack     at emitTwo (events.js:106:13)
14 verbose stack     at ChildProcess.emit (events.js:191:7)
14 verbose stack     at maybeClose (internal/child_process.js:852:16)
14 verbose stack     at Process.ChildProcess._handle.onexit (internal/child_process.js:215:5)
15 verbose pkgid playground@1.0.0
16 verbose cwd c:\Users\rickm\Documents\Google Drive\Side-projects\Programming\NodeJS\playground-js\rxJs
17 error Windows_NT 10.0.14393
18 error argv "C:\\Program Files\\nodejs\\node.exe" "C:\\Program Files\\nodejs\\node_modules\\npm\\bin\\npm-cli.js" "run" "babel-run" "play.jsx"
19 error node v6.3.0
20 error npm  v3.10.6
21 error code ELIFECYCLE
22 error playground@1.0.0 babel-run: `babel-node "play.jsx"`
22 error Exit status 1
23 error Failed at the playground@1.0.0 babel-run script 'babel-node "play.jsx"'.
23 error Make sure you have the latest version of node.js and npm installed.
23 error If you do, this is most likely a problem with the playground package,
23 error not with npm itself.
23 error Tell the author that this fails on your system:
23 error     babel-node "play.jsx"
23 error You can get information on how to open an issue for this project with:
23 error     npm bugs playground
23 error Or if that isn't available, you can get their info via:
23 error     npm owner ls playground
23 error There is likely additional logging output above.
24 verbose exit [ 1, true ]
